The system is: Darwin - 11.4.2 - i386
Compiling the C compiler identification source file "CMakeCCompilerId.c" succeeded.
Compiler: /usr/bin/cc 
Build flags: 
Id flags: 

The output was:
0


Compilation of the C compiler identification source "CMakeCCompilerId.c" produced "a.out"

The C compiler identification is Clang, found in "/Users/hemingge/Desktop/Heming-Bella/CS4670/P5/CMakeFiles/2.8.12.1/CompilerIdC/a.out"

Compiling the CXX compiler identification source file "CMakeCXXCompilerId.cpp" succeeded.
Compiler: /usr/bin/c++ 
Build flags: 
Id flags: 

The output was:
0


Compilation of the CXX compiler identification source "CMakeCXXCompilerId.cpp" produced "a.out"

The CXX compiler identification is Clang, found in "/Users/hemingge/Desktop/Heming-Bella/CS4670/P5/CMakeFiles/2.8.12.1/CompilerIdCXX/a.out"

Determining if the C compiler works passed with the following output:
Change Dir: /Users/hemingge/Desktop/Heming-Bella/CS4670/P5/CMakeFiles/CMakeTmp

Run Build Command:/usr/bin/make "cmTryCompileExec1867732126/fast"
/usr/bin/make -f CMakeFiles/cmTryCompileExec1867732126.dir/build.make CMakeFiles/cmTryCompileExec1867732126.dir/build
"/Applications/CMake 2.8-12.app/Contents/bin/cmake" -E cmake_progress_report /Users/hemingge/Desktop/Heming-Bella/CS4670/P5/CMakeFiles/CMakeTmp/CMakeFiles 1
Building C object CMakeFiles/cmTryCompileExec1867732126.dir/testCCompiler.c.o
/usr/bin/cc    -o CMakeFiles/cmTryCompileExec1867732126.dir/testCCompiler.c.o   -c /Users/hemingge/Desktop/Heming-Bella/CS4670/P5/CMakeFiles/CMakeTmp/testCCompiler.c
Linking C executable cmTryCompileExec1867732126
"/Applications/CMake 2.8-12.app/Contents/bin/cmake" -E cmake_link_script CMakeFiles/cmTryCompileExec1867732126.dir/link.txt --verbose=1
/usr/bin/cc    -Wl,-search_paths_first -Wl,-headerpad_max_install_names   CMakeFiles/cmTryCompileExec1867732126.dir/testCCompiler.c.o  -o cmTryCompileExec1867732126  


Detecting C compiler ABI info compiled with the following output:
Change Dir: /Users/hemingge/Desktop/Heming-Bella/CS4670/P5/CMakeFiles/CMakeTmp

Run Build Command:/usr/bin/make "cmTryCompileExec2227928565/fast"
/usr/bin/make -f CMakeFiles/cmTryCompileExec2227928565.dir/build.make CMakeFiles/cmTryCompileExec2227928565.dir/build
"/Applications/CMake 2.8-12.app/Contents/bin/cmake" -E cmake_progress_report /Users/hemingge/Desktop/Heming-Bella/CS4670/P5/CMakeFiles/CMakeTmp/CMakeFiles 1
Building C object CMakeFiles/cmTryCompileExec2227928565.dir/CMakeCCompilerABI.c.o
/usr/bin/cc    -o CMakeFiles/cmTryCompileExec2227928565.dir/CMakeCCompilerABI.c.o   -c "/Applications/CMake 2.8-12.app/Contents/share/cmake-2.8/Modules/CMakeCCompilerABI.c"
Linking C executable cmTryCompileExec2227928565
"/Applications/CMake 2.8-12.app/Contents/bin/cmake" -E cmake_link_script CMakeFiles/cmTryCompileExec2227928565.dir/link.txt --verbose=1
/usr/bin/cc    -Wl,-search_paths_first -Wl,-headerpad_max_install_names -v -Wl,-v CMakeFiles/cmTryCompileExec2227928565.dir/CMakeCCompilerABI.c.o  -o cmTryCompileExec2227928565   
Apple clang version 4.0 (tags/Apple/clang-421.0.60) (based on LLVM 3.1svn)
Target: x86_64-apple-darwin11.4.2
Thread model: posix
 "/usr/bin/ld" -demangle -dynamic -arch x86_64 -macosx_version_min 10.7.0 -o cmTryCompileExec2227928565 -lcrt1.10.6.o -search_paths_first -headerpad_max_install_names -v CMakeFiles/cmTryCompileExec2227928565.dir/CMakeCCompilerABI.c.o -lSystem /usr/bin/../lib/clang/4.0/lib/darwin/libclang_rt.osx.a
@(#)PROGRAM:ld  PROJECT:ld64-133.3
configured to support archs: armv6 armv7 i386 x86_64
Library search paths:
	/usr/lib
	/usr/local/lib
Framework search paths:
	/Library/Frameworks/
	/System/Library/Frameworks/


Parsed C implicit link information from above output:
  link line regex: [^( *|.*[/\])(ld|([^/\]+-)?ld|collect2)[^/\]*( |$)]
  ignore line: [Change Dir: /Users/hemingge/Desktop/Heming-Bella/CS4670/P5/CMakeFiles/CMakeTmp]
  ignore line: []
  ignore line: [Run Build Command:/usr/bin/make "cmTryCompileExec2227928565/fast"]
  ignore line: [/usr/bin/make -f CMakeFiles/cmTryCompileExec2227928565.dir/build.make CMakeFiles/cmTryCompileExec2227928565.dir/build]
  ignore line: ["/Applications/CMake 2.8-12.app/Contents/bin/cmake" -E cmake_progress_report /Users/hemingge/Desktop/Heming-Bella/CS4670/P5/CMakeFiles/CMakeTmp/CMakeFiles 1]
  ignore line: [Building C object CMakeFiles/cmTryCompileExec2227928565.dir/CMakeCCompilerABI.c.o]
  ignore line: [/usr/bin/cc    -o CMakeFiles/cmTryCompileExec2227928565.dir/CMakeCCompilerABI.c.o   -c "/Applications/CMake 2.8-12.app/Contents/share/cmake-2.8/Modules/CMakeCCompilerABI.c"]
  ignore line: [Linking C executable cmTryCompileExec2227928565]
  ignore line: ["/Applications/CMake 2.8-12.app/Contents/bin/cmake" -E cmake_link_script CMakeFiles/cmTryCompileExec2227928565.dir/link.txt --verbose=1]
  ignore line: [/usr/bin/cc    -Wl,-search_paths_first -Wl,-headerpad_max_install_names -v -Wl,-v CMakeFiles/cmTryCompileExec2227928565.dir/CMakeCCompilerABI.c.o  -o cmTryCompileExec2227928565   ]
  ignore line: [Apple clang version 4.0 (tags/Apple/clang-421.0.60) (based on LLVM 3.1svn)]
  ignore line: [Target: x86_64-apple-darwin11.4.2]
  ignore line: [Thread model: posix]
  link line: [ "/usr/bin/ld" -demangle -dynamic -arch x86_64 -macosx_version_min 10.7.0 -o cmTryCompileExec2227928565 -lcrt1.10.6.o -search_paths_first -headerpad_max_install_names -v CMakeFiles/cmTryCompileExec2227928565.dir/CMakeCCompilerABI.c.o -lSystem /usr/bin/../lib/clang/4.0/lib/darwin/libclang_rt.osx.a]
    arg [/usr/bin/ld] ==> ignore
    arg [-demangle] ==> ignore
    arg [-dynamic] ==> ignore
    arg [-arch] ==> ignore
    arg [x86_64] ==> ignore
    arg [-macosx_version_min] ==> ignore
    arg [10.7.0] ==> ignore
    arg [-o] ==> ignore
    arg [cmTryCompileExec2227928565] ==> ignore
    arg [-lcrt1.10.6.o] ==> lib [crt1.10.6.o]
    arg [-search_paths_first] ==> ignore
    arg [-headerpad_max_install_names] ==> ignore
    arg [-v] ==> ignore
    arg [CMakeFiles/cmTryCompileExec2227928565.dir/CMakeCCompilerABI.c.o] ==> ignore
    arg [-lSystem] ==> lib [System]
    arg [/usr/bin/../lib/clang/4.0/lib/darwin/libclang_rt.osx.a] ==> lib [/usr/bin/../lib/clang/4.0/lib/darwin/libclang_rt.osx.a]
  Library search paths: [;/usr/lib;/usr/local/lib]
  Framework search paths: [;/Library/Frameworks/;/System/Library/Frameworks/]
  remove lib [crt1.10.6.o]
  remove lib [System]
  collapse lib [/usr/bin/../lib/clang/4.0/lib/darwin/libclang_rt.osx.a] ==> [/usr/lib/clang/4.0/lib/darwin/libclang_rt.osx.a]
  collapse library dir [/usr/lib] ==> [/usr/lib]
  collapse library dir [/usr/local/lib] ==> [/usr/local/lib]
  collapse framework dir [/Library/Frameworks/] ==> [/Library/Frameworks]
  collapse framework dir [/System/Library/Frameworks/] ==> [/System/Library/Frameworks]
  implicit libs: [/usr/lib/clang/4.0/lib/darwin/libclang_rt.osx.a]
  implicit dirs: [/usr/lib;/usr/local/lib]
  implicit fwks: [/Library/Frameworks;/System/Library/Frameworks]


Determining if the CXX compiler works passed with the following output:
Change Dir: /Users/hemingge/Desktop/Heming-Bella/CS4670/P5/CMakeFiles/CMakeTmp

Run Build Command:/usr/bin/make "cmTryCompileExec1695840772/fast"
/usr/bin/make -f CMakeFiles/cmTryCompileExec1695840772.dir/build.make CMakeFiles/cmTryCompileExec1695840772.dir/build
"/Applications/CMake 2.8-12.app/Contents/bin/cmake" -E cmake_progress_report /Users/hemingge/Desktop/Heming-Bella/CS4670/P5/CMakeFiles/CMakeTmp/CMakeFiles 1
Building CXX object CMakeFiles/cmTryCompileExec1695840772.dir/testCXXCompiler.cxx.o
/usr/bin/c++     -o CMakeFiles/cmTryCompileExec1695840772.dir/testCXXCompiler.cxx.o -c /Users/hemingge/Desktop/Heming-Bella/CS4670/P5/CMakeFiles/CMakeTmp/testCXXCompiler.cxx
Linking CXX executable cmTryCompileExec1695840772
"/Applications/CMake 2.8-12.app/Contents/bin/cmake" -E cmake_link_script CMakeFiles/cmTryCompileExec1695840772.dir/link.txt --verbose=1
/usr/bin/c++     -Wl,-search_paths_first -Wl,-headerpad_max_install_names   CMakeFiles/cmTryCompileExec1695840772.dir/testCXXCompiler.cxx.o  -o cmTryCompileExec1695840772  


Detecting CXX compiler ABI info compiled with the following output:
Change Dir: /Users/hemingge/Desktop/Heming-Bella/CS4670/P5/CMakeFiles/CMakeTmp

Run Build Command:/usr/bin/make "cmTryCompileExec1442839262/fast"
/usr/bin/make -f CMakeFiles/cmTryCompileExec1442839262.dir/build.make CMakeFiles/cmTryCompileExec1442839262.dir/build
"/Applications/CMake 2.8-12.app/Contents/bin/cmake" -E cmake_progress_report /Users/hemingge/Desktop/Heming-Bella/CS4670/P5/CMakeFiles/CMakeTmp/CMakeFiles 1
Building CXX object CMakeFiles/cmTryCompileExec1442839262.dir/CMakeCXXCompilerABI.cpp.o
/usr/bin/c++     -o CMakeFiles/cmTryCompileExec1442839262.dir/CMakeCXXCompilerABI.cpp.o -c "/Applications/CMake 2.8-12.app/Contents/share/cmake-2.8/Modules/CMakeCXXCompilerABI.cpp"
Linking CXX executable cmTryCompileExec1442839262
"/Applications/CMake 2.8-12.app/Contents/bin/cmake" -E cmake_link_script CMakeFiles/cmTryCompileExec1442839262.dir/link.txt --verbose=1
/usr/bin/c++     -Wl,-search_paths_first -Wl,-headerpad_max_install_names -v -Wl,-v CMakeFiles/cmTryCompileExec1442839262.dir/CMakeCXXCompilerABI.cpp.o  -o cmTryCompileExec1442839262   
Apple clang version 4.0 (tags/Apple/clang-421.0.60) (based on LLVM 3.1svn)
Target: x86_64-apple-darwin11.4.2
Thread model: posix
 "/usr/bin/ld" -demangle -dynamic -arch x86_64 -macosx_version_min 10.7.0 -o cmTryCompileExec1442839262 -lcrt1.10.6.o -search_paths_first -headerpad_max_install_names -v CMakeFiles/cmTryCompileExec1442839262.dir/CMakeCXXCompilerABI.cpp.o -lstdc++ -lSystem /usr/bin/../lib/clang/4.0/lib/darwin/libclang_rt.osx.a
@(#)PROGRAM:ld  PROJECT:ld64-133.3
configured to support archs: armv6 armv7 i386 x86_64
Library search paths:
	/usr/lib
	/usr/local/lib
Framework search paths:
	/Library/Frameworks/
	/System/Library/Frameworks/


Parsed CXX implicit link information from above output:
  link line regex: [^( *|.*[/\])(ld|([^/\]+-)?ld|collect2)[^/\]*( |$)]
  ignore line: [Change Dir: /Users/hemingge/Desktop/Heming-Bella/CS4670/P5/CMakeFiles/CMakeTmp]
  ignore line: []
  ignore line: [Run Build Command:/usr/bin/make "cmTryCompileExec1442839262/fast"]
  ignore line: [/usr/bin/make -f CMakeFiles/cmTryCompileExec1442839262.dir/build.make CMakeFiles/cmTryCompileExec1442839262.dir/build]
  ignore line: ["/Applications/CMake 2.8-12.app/Contents/bin/cmake" -E cmake_progress_report /Users/hemingge/Desktop/Heming-Bella/CS4670/P5/CMakeFiles/CMakeTmp/CMakeFiles 1]
  ignore line: [Building CXX object CMakeFiles/cmTryCompileExec1442839262.dir/CMakeCXXCompilerABI.cpp.o]
  ignore line: [/usr/bin/c++     -o CMakeFiles/cmTryCompileExec1442839262.dir/CMakeCXXCompilerABI.cpp.o -c "/Applications/CMake 2.8-12.app/Contents/share/cmake-2.8/Modules/CMakeCXXCompilerABI.cpp"]
  ignore line: [Linking CXX executable cmTryCompileExec1442839262]
  ignore line: ["/Applications/CMake 2.8-12.app/Contents/bin/cmake" -E cmake_link_script CMakeFiles/cmTryCompileExec1442839262.dir/link.txt --verbose=1]
  ignore line: [/usr/bin/c++     -Wl,-search_paths_first -Wl,-headerpad_max_install_names -v -Wl,-v CMakeFiles/cmTryCompileExec1442839262.dir/CMakeCXXCompilerABI.cpp.o  -o cmTryCompileExec1442839262   ]
  ignore line: [Apple clang version 4.0 (tags/Apple/clang-421.0.60) (based on LLVM 3.1svn)]
  ignore line: [Target: x86_64-apple-darwin11.4.2]
  ignore line: [Thread model: posix]
  link line: [ "/usr/bin/ld" -demangle -dynamic -arch x86_64 -macosx_version_min 10.7.0 -o cmTryCompileExec1442839262 -lcrt1.10.6.o -search_paths_first -headerpad_max_install_names -v CMakeFiles/cmTryCompileExec1442839262.dir/CMakeCXXCompilerABI.cpp.o -lstdc++ -lSystem /usr/bin/../lib/clang/4.0/lib/darwin/libclang_rt.osx.a]
    arg [/usr/bin/ld] ==> ignore
    arg [-demangle] ==> ignore
    arg [-dynamic] ==> ignore
    arg [-arch] ==> ignore
    arg [x86_64] ==> ignore
    arg [-macosx_version_min] ==> ignore
    arg [10.7.0] ==> ignore
    arg [-o] ==> ignore
    arg [cmTryCompileExec1442839262] ==> ignore
    arg [-lcrt1.10.6.o] ==> lib [crt1.10.6.o]
    arg [-search_paths_first] ==> ignore
    arg [-headerpad_max_install_names] ==> ignore
    arg [-v] ==> ignore
    arg [CMakeFiles/cmTryCompileExec1442839262.dir/CMakeCXXCompilerABI.cpp.o] ==> ignore
    arg [-lstdc++] ==> lib [stdc++]
    arg [-lSystem] ==> lib [System]
    arg [/usr/bin/../lib/clang/4.0/lib/darwin/libclang_rt.osx.a] ==> lib [/usr/bin/../lib/clang/4.0/lib/darwin/libclang_rt.osx.a]
  Library search paths: [;/usr/lib;/usr/local/lib]
  Framework search paths: [;/Library/Frameworks/;/System/Library/Frameworks/]
  remove lib [crt1.10.6.o]
  remove lib [System]
  collapse lib [/usr/bin/../lib/clang/4.0/lib/darwin/libclang_rt.osx.a] ==> [/usr/lib/clang/4.0/lib/darwin/libclang_rt.osx.a]
  collapse library dir [/usr/lib] ==> [/usr/lib]
  collapse library dir [/usr/local/lib] ==> [/usr/local/lib]
  collapse framework dir [/Library/Frameworks/] ==> [/Library/Frameworks]
  collapse framework dir [/System/Library/Frameworks/] ==> [/System/Library/Frameworks]
  implicit libs: [stdc++;/usr/lib/clang/4.0/lib/darwin/libclang_rt.osx.a]
  implicit dirs: [/usr/lib;/usr/local/lib]
  implicit fwks: [/Library/Frameworks;/System/Library/Frameworks]


Determining if the function XOpenDisplay exists in the /usr/X11R6/lib/libX11.dylib;/usr/X11R6/lib/libXext.dylib passed with the following output:
Change Dir: /Users/hemingge/Desktop/Heming-Bella/CS4670/P5/CMakeFiles/CMakeTmp

Run Build Command:/usr/bin/make "cmTryCompileExec3014479944/fast"
/usr/bin/make -f CMakeFiles/cmTryCompileExec3014479944.dir/build.make CMakeFiles/cmTryCompileExec3014479944.dir/build
"/Applications/CMake 2.8-12.app/Contents/bin/cmake" -E cmake_progress_report /Users/hemingge/Desktop/Heming-Bella/CS4670/P5/CMakeFiles/CMakeTmp/CMakeFiles 1
Building C object CMakeFiles/cmTryCompileExec3014479944.dir/CheckFunctionExists.c.o
/usr/bin/cc   -DCHECK_FUNCTION_EXISTS=XOpenDisplay   -o CMakeFiles/cmTryCompileExec3014479944.dir/CheckFunctionExists.c.o   -c "/Applications/CMake 2.8-12.app/Contents/share/cmake-2.8/Modules/CheckFunctionExists.c"
Linking C executable cmTryCompileExec3014479944
"/Applications/CMake 2.8-12.app/Contents/bin/cmake" -E cmake_link_script CMakeFiles/cmTryCompileExec3014479944.dir/link.txt --verbose=1
/usr/bin/cc   -DCHECK_FUNCTION_EXISTS=XOpenDisplay -Wl,-search_paths_first -Wl,-headerpad_max_install_names   CMakeFiles/cmTryCompileExec3014479944.dir/CheckFunctionExists.c.o  -o cmTryCompileExec3014479944  -L/usr/X11R6/lib  /usr/X11R6/lib/libX11.dylib /usr/X11R6/lib/libXext.dylib -Wl,-rpath,/usr/X11R6/lib 


Determining if the function gethostbyname exists passed with the following output:
Change Dir: /Users/hemingge/Desktop/Heming-Bella/CS4670/P5/CMakeFiles/CMakeTmp

Run Build Command:/usr/bin/make "cmTryCompileExec489366104/fast"
/usr/bin/make -f CMakeFiles/cmTryCompileExec489366104.dir/build.make CMakeFiles/cmTryCompileExec489366104.dir/build
"/Applications/CMake 2.8-12.app/Contents/bin/cmake" -E cmake_progress_report /Users/hemingge/Desktop/Heming-Bella/CS4670/P5/CMakeFiles/CMakeTmp/CMakeFiles 1
Building C object CMakeFiles/cmTryCompileExec489366104.dir/CheckFunctionExists.c.o
/usr/bin/cc   -DCHECK_FUNCTION_EXISTS=gethostbyname   -o CMakeFiles/cmTryCompileExec489366104.dir/CheckFunctionExists.c.o   -c "/Applications/CMake 2.8-12.app/Contents/share/cmake-2.8/Modules/CheckFunctionExists.c"
Linking C executable cmTryCompileExec489366104
"/Applications/CMake 2.8-12.app/Contents/bin/cmake" -E cmake_link_script CMakeFiles/cmTryCompileExec489366104.dir/link.txt --verbose=1
/usr/bin/cc   -DCHECK_FUNCTION_EXISTS=gethostbyname -Wl,-search_paths_first -Wl,-headerpad_max_install_names   CMakeFiles/cmTryCompileExec489366104.dir/CheckFunctionExists.c.o  -o cmTryCompileExec489366104  


Determining if the function connect exists passed with the following output:
Change Dir: /Users/hemingge/Desktop/Heming-Bella/CS4670/P5/CMakeFiles/CMakeTmp

Run Build Command:/usr/bin/make "cmTryCompileExec4205407080/fast"
/usr/bin/make -f CMakeFiles/cmTryCompileExec4205407080.dir/build.make CMakeFiles/cmTryCompileExec4205407080.dir/build
"/Applications/CMake 2.8-12.app/Contents/bin/cmake" -E cmake_progress_report /Users/hemingge/Desktop/Heming-Bella/CS4670/P5/CMakeFiles/CMakeTmp/CMakeFiles 1
Building C object CMakeFiles/cmTryCompileExec4205407080.dir/CheckFunctionExists.c.o
/usr/bin/cc   -DCHECK_FUNCTION_EXISTS=connect   -o CMakeFiles/cmTryCompileExec4205407080.dir/CheckFunctionExists.c.o   -c "/Applications/CMake 2.8-12.app/Contents/share/cmake-2.8/Modules/CheckFunctionExists.c"
Linking C executable cmTryCompileExec4205407080
"/Applications/CMake 2.8-12.app/Contents/bin/cmake" -E cmake_link_script CMakeFiles/cmTryCompileExec4205407080.dir/link.txt --verbose=1
/usr/bin/cc   -DCHECK_FUNCTION_EXISTS=connect -Wl,-search_paths_first -Wl,-headerpad_max_install_names   CMakeFiles/cmTryCompileExec4205407080.dir/CheckFunctionExists.c.o  -o cmTryCompileExec4205407080  


Determining if the function remove exists passed with the following output:
Change Dir: /Users/hemingge/Desktop/Heming-Bella/CS4670/P5/CMakeFiles/CMakeTmp

Run Build Command:/usr/bin/make "cmTryCompileExec799826427/fast"
/usr/bin/make -f CMakeFiles/cmTryCompileExec799826427.dir/build.make CMakeFiles/cmTryCompileExec799826427.dir/build
"/Applications/CMake 2.8-12.app/Contents/bin/cmake" -E cmake_progress_report /Users/hemingge/Desktop/Heming-Bella/CS4670/P5/CMakeFiles/CMakeTmp/CMakeFiles 1
Building C object CMakeFiles/cmTryCompileExec799826427.dir/CheckFunctionExists.c.o
/usr/bin/cc   -DCHECK_FUNCTION_EXISTS=remove   -o CMakeFiles/cmTryCompileExec799826427.dir/CheckFunctionExists.c.o   -c "/Applications/CMake 2.8-12.app/Contents/share/cmake-2.8/Modules/CheckFunctionExists.c"
Linking C executable cmTryCompileExec799826427
"/Applications/CMake 2.8-12.app/Contents/bin/cmake" -E cmake_link_script CMakeFiles/cmTryCompileExec799826427.dir/link.txt --verbose=1
/usr/bin/cc   -DCHECK_FUNCTION_EXISTS=remove -Wl,-search_paths_first -Wl,-headerpad_max_install_names   CMakeFiles/cmTryCompileExec799826427.dir/CheckFunctionExists.c.o  -o cmTryCompileExec799826427  


Determining if the function shmat exists passed with the following output:
Change Dir: /Users/hemingge/Desktop/Heming-Bella/CS4670/P5/CMakeFiles/CMakeTmp

Run Build Command:/usr/bin/make "cmTryCompileExec3915886939/fast"
/usr/bin/make -f CMakeFiles/cmTryCompileExec3915886939.dir/build.make CMakeFiles/cmTryCompileExec3915886939.dir/build
"/Applications/CMake 2.8-12.app/Contents/bin/cmake" -E cmake_progress_report /Users/hemingge/Desktop/Heming-Bella/CS4670/P5/CMakeFiles/CMakeTmp/CMakeFiles 1
Building C object CMakeFiles/cmTryCompileExec3915886939.dir/CheckFunctionExists.c.o
/usr/bin/cc   -DCHECK_FUNCTION_EXISTS=shmat   -o CMakeFiles/cmTryCompileExec3915886939.dir/CheckFunctionExists.c.o   -c "/Applications/CMake 2.8-12.app/Contents/share/cmake-2.8/Modules/CheckFunctionExists.c"
Linking C executable cmTryCompileExec3915886939
"/Applications/CMake 2.8-12.app/Contents/bin/cmake" -E cmake_link_script CMakeFiles/cmTryCompileExec3915886939.dir/link.txt --verbose=1
/usr/bin/cc   -DCHECK_FUNCTION_EXISTS=shmat -Wl,-search_paths_first -Wl,-headerpad_max_install_names   CMakeFiles/cmTryCompileExec3915886939.dir/CheckFunctionExists.c.o  -o cmTryCompileExec3915886939  


Determining if the function IceConnectionNumber exists in the ICE passed with the following output:
Change Dir: /Users/hemingge/Desktop/Heming-Bella/CS4670/P5/CMakeFiles/CMakeTmp

Run Build Command:/usr/bin/make "cmTryCompileExec1965869251/fast"
/usr/bin/make -f CMakeFiles/cmTryCompileExec1965869251.dir/build.make CMakeFiles/cmTryCompileExec1965869251.dir/build
"/Applications/CMake 2.8-12.app/Contents/bin/cmake" -E cmake_progress_report /Users/hemingge/Desktop/Heming-Bella/CS4670/P5/CMakeFiles/CMakeTmp/CMakeFiles 1
Building C object CMakeFiles/cmTryCompileExec1965869251.dir/CheckFunctionExists.c.o
/usr/bin/cc   -DCHECK_FUNCTION_EXISTS=IceConnectionNumber   -o CMakeFiles/cmTryCompileExec1965869251.dir/CheckFunctionExists.c.o   -c "/Applications/CMake 2.8-12.app/Contents/share/cmake-2.8/Modules/CheckFunctionExists.c"
Linking C executable cmTryCompileExec1965869251
"/Applications/CMake 2.8-12.app/Contents/bin/cmake" -E cmake_link_script CMakeFiles/cmTryCompileExec1965869251.dir/link.txt --verbose=1
/usr/bin/cc   -DCHECK_FUNCTION_EXISTS=IceConnectionNumber -Wl,-search_paths_first -Wl,-headerpad_max_install_names   CMakeFiles/cmTryCompileExec1965869251.dir/CheckFunctionExists.c.o  -o cmTryCompileExec1965869251  -L/usr/X11R6/lib  -lICE -Wl,-rpath,/usr/X11R6/lib 


